
=== Thu Apr  2 23:26:20 2020

Packages were changed.
Update Mode: updateDependencies

The following packages were updated:
  com.unity.ide.rider from version 1.1.0 to 1.1.4
  com.unity.render-pipelines.lightweight from version 6.9.2 to 7.1.8
  com.unity.test-framework from version 1.0.18 to 1.1.9
  com.unity.timeline from version 1.1.0 to 1.2.10
The following packages were removed:
  com.unity.package-manager-ui@2.2.0

=== Wed Apr  8 00:09:11 2020

Packages were changed.
Update Mode: mergeDefaultDependencies

The following packages were added:
  com.unity.ide.rider@1.0.8
  com.unity.ide.vscode@1.0.7
  com.unity.package-manager-ui@2.2.0
  com.unity.postprocessing@2.1.4
  com.unity.progrids@3.0.3-preview.4
  com.unity.timeline@1.1.0
